Base path: C:/Program Files/Unity/Hub/Editor/2019.4.21f1/Editor/Data
Cmd: initializeCompiler
Cmd: preprocessCompute
  insize=210 outsize=222 ok=1
Cmd: preprocessCompute
  insize=2839 outsize=2847 ok=1
Cmd: preprocessCompute
  insize=3365 outsize=3405 ok=1
Cmd: preprocessCompute
  insize=18466 outsize=18478 ok=1
Cmd: preprocessCompute
  insize=713 outsize=759 ok=1
Cmd: preprocessCompute
  insize=924 outsize=958 ok=1
Cmd: preprocessCompute
  insize=13347 outsize=13363 ok=1
Cmd: preprocessCompute
  insize=763 outsize=775 ok=1
Cmd: preprocessCompute
  insize=13703 outsize=13751 ok=1
Cmd: preprocessCompute
  insize=11889 outsize=11929 ok=1
Cmd: preprocessCompute
  insize=76435 outsize=76455 ok=1
Cmd: preprocessCompute
  insize=3157 outsize=3167 ok=1
Cmd: preprocessCompute
  insize=764 outsize=776 ok=1
Cmd: preprocessCompute
  insize=20558 outsize=20570 ok=1
Cmd: preprocessCompute
  insize=81665 outsize=82071 ok=1
Cmd: preprocessCompute
  insize=4446 outsize=4458 ok=1
Cmd: preprocess
  insize=3207 outsize=1205 ok=1
Cmd: preprocessCompute
  insize=4426 outsize=4442 ok=1
Cmd: preprocessCompute
  insize=1896 outsize=1900 ok=1
Cmd: preprocessCompute
  insize=924 outsize=958 ok=1
Cmd: preprocessCompute
  insize=451 outsize=467 ok=1
Cmd: preprocessCompute
  insize=451 outsize=467 ok=1
Cmd: preprocessCompute
  insize=10283 outsize=10641 ok=1
Cmd: compileSnippet
  api=4 type=0 insize=1564 outsize=2222 kw=UNITY_PASS_FORWARDBASE DIRECTIONAL SHADOWS_SCREEN DIRLIGHTMAP_COMBINED DYNAMICLIGHTMAP_ON pd=UNITY_ENABLE_REFLECTION_BUFFERS UNITY_USE_DITHER_MASK_FOR_ALPHABLENDED_SHADOWS UNITY_PBS_USE_BRDF1 UNITY_SPECCUBE_BOX_PROJECTION UNITY_SPECCUBE_BLENDING UNITY_ENABLE_DETAIL_NORMALMAP SHADER_API_DESKTOP UNITY_COLORSPACE_GAMMA UNITY_LIGHT_PROBE_PROXY_VOLUME UNITY_LIGHTMAP_FULL_HDR ok=1
Cmd: compileSnippet
  api=4 type=1 insize=1564 outsize=6502 kw=UNITY_PASS_FORWARDBASE DIRECTIONAL SHADOWS_SCREEN DIRLIGHTMAP_COMBINED DYNAMICLIGHTMAP_ON pd=UNITY_ENABLE_REFLECTION_BUFFERS UNITY_USE_DITHER_MASK_FOR_ALPHABLENDED_SHADOWS UNITY_PBS_USE_BRDF1 UNITY_SPECCUBE_BOX_PROJECTION UNITY_SPECCUBE_BLENDING UNITY_ENABLE_DETAIL_NORMALMAP SHADER_API_DESKTOP UNITY_COLORSPACE_GAMMA UNITY_LIGHT_PROBE_PROXY_VOLUME UNITY_LIGHTMAP_FULL_HDR ok=1
